# JRE version: OpenJDK Runtime Environment Temurin-21.0.10+7 (21.0.10+7) (build 21.0.10+7-LTS)
# Java VM: OpenJDK 64-Bit Server VM Temurin-21.0.10+7 (21.0.10+7-LTS, mixed mode, sharing, tiered, compressed oops, compressed class ptrs, parallel gc, windows-amd64)
GC Precious Log:
 CardTable entry size: 512
 CPUs: 12 total, 12 available
 Memory: 32497M
 Large Page Support: Disabled
 NUMA Support: Disabled
 Compressed Oops: Enabled (32-bit)
 Alignments: Space 512K, Generation 512K, Heap 2M
 Heap Min Capacity: 100M
 Heap Initial Capacity: 100M
 Heap Max Capacity: 2G
 Pre-touch: Disabled
 Parallel Workers: 10
Heap:
 PSYoungGen      total 2560K, used 1524K [0x00000000d5580000, 0x00000000d5980000, 0x0000000100000000)
  eden space 2048K, 60% used [0x00000000d5580000,0x00000000d56b50b0,0x00000000d5780000)
  from space 512K, 56% used [0x00000000d5900000,0x00000000d5948000,0x00000000d5980000)
  to   space 512K, 0% used [0x00000000d5780000,0x00000000d5780000,0x00000000d5800000)
 ParOldGen       total 918528K, used 918276K [0x0000000080000000, 0x00000000b8100000, 0x00000000d5580000)
  object space 918528K, 99% used [0x0000000080000000,0x00000000b80c1028,0x00000000b8100000)
 Metaspace       used 78921K, committed 80704K, reserved 1179648K
  class space    used 8390K, committed 9216K, reserved 1048576K
GC Heap History (20 events):
Event: 3317.242 GC heap before
{Heap before GC invocations=1336 (full 3):
 PSYoungGen      total 3072K, used 2591K [0x00000000d5580000, 0x00000000d5c00000, 0x0000000100000000)
  eden space 2048K, 99% used [0x00000000d5580000,0x00000000d577fff0,0x00000000d5780000)
  from space 1024K, 53% used [0x00000000d5b00000,0x00000000d5b88000,0x00000000d5c00000)
  to   space 1024K, 0% used [0x00000000d5a00000,0x00000000d5a00000,0x00000000d5b00000)
 ParOldGen       total 912384K, used 912270K [0x0000000080000000, 0x00000000b7b00000, 0x00000000d5580000)
  object space 912384K, 99% used [0x0000000080000000,0x00000000b7ae3a48,0x00000000b7b00000)
 Metaspace       used 78617K, committed 80320K, reserved 1179648K
  class space    used 8370K, committed 9152K, reserved 1048576K
}
Event: 3317.243 GC heap after
{Heap after GC invocations=1336 (full 3):
 PSYoungGen      total 3072K, used 416K [0x00000000d5580000, 0x00000000d5b80000, 0x0000000100000000)
  eden space 2048K, 0% used [0x00000000d5580000,0x00000000d5580000,0x00000000d5780000)
  from space 1024K, 40% used [0x00000000d5a00000,0x00000000d5a68000,0x00000000d5b00000)
  to   space 512K, 0% used [0x00000000d5b00000,0x00000000d5b00000,0x00000000d5b80000)
 ParOldGen       total 912896K, used 912630K [0x0000000080000000, 0x00000000b7b80000, 0x00000000d5580000)
  object space 912896K, 99% used [0x0000000080000000,0x00000000b7b3da58,0x00000000b7b80000)
 Metaspace       used 78617K, committed 80320K, reserved 1179648K
  class space    used 8370K, committed 9152K, reserved 1048576K
}
Event: 3317.249 GC heap before
{Heap before GC invocations=1337 (full 3):
 PSYoungGen      total 3072K, used 2462K [0x00000000d5580000, 0x00000000d5b80000, 0x0000000100000000)
  eden space 2048K, 99% used [0x00000000d5580000,0x00000000d577fad0,0x00000000d5780000)
  from space 1024K, 40% used [0x00000000d5a00000,0x00000000d5a68000,0x00000000d5b00000)
  to   space 512K, 0% used [0x00000000d5b00000,0x00000000d5b00000,0x00000000d5b80000)
 ParOldGen       total 912896K, used 912630K [0x0000000080000000, 0x00000000b7b80000, 0x00000000d5580000)
  object space 912896K, 99% used [0x0000000080000000,0x00000000b7b3da58,0x00000000b7b80000)
 Metaspace       used 78643K, committed 80320K, reserved 1179648K
  class space    used 8371K, committed 9152K, reserved 1048576K
}
Event: 3317.250 GC heap after
{Heap after GC invocations=1337 (full 3):
 PSYoungGen      total 2560K, used 448K [0x00000000d5580000, 0x00000000d5b80000, 0x0000000100000000)
  eden space 2048K, 0% used [0x00000000d5580000,0x00000000d5580000,0x00000000d5780000)
  from space 512K, 87% used [0x00000000d5b00000,0x00000000d5b70000,0x00000000d5b80000)
  to   space 512K, 0% used [0x00000000d5a80000,0x00000000d5a80000,0x00000000d5b00000)
 ParOldGen       total 913408K, used 912948K [0x0000000080000000, 0x00000000b7c00000, 0x00000000d5580000)
  object space 913408K, 99% used [0x0000000080000000,0x00000000b7b8d1d8,0x00000000b7c00000)
 Metaspace       used 78643K, committed 80320K, reserved 1179648K
  class space    used 8371K, committed 9152K, reserved 1048576K
}
Event: 3317.262 GC heap before
{Heap before GC invocations=1338 (full 3):
 PSYoungGen      total 2560K, used 2494K [0x00000000d5580000, 0x00000000d5b80000, 0x0000000100000000)
  eden space 2048K, 99% used [0x00000000d5580000,0x00000000d577f850,0x00000000d5780000)
  from space 512K, 87% used [0x00000000d5b00000,0x00000000d5b70000,0x00000000d5b80000)
  to   space 512K, 0% used [0x00000000d5a80000,0x00000000d5a80000,0x00000000d5b00000)
 ParOldGen       total 913408K, used 912948K [0x0000000080000000, 0x00000000b7c00000, 0x00000000d5580000)
  object space 913408K, 99% used [0x0000000080000000,0x00000000b7b8d1d8,0x00000000b7c00000)
 Metaspace       used 78656K, committed 80320K, reserved 1179648K
  class space    used 8371K, committed 9152K, reserved 1048576K
}
Event: 3317.263 GC heap after
{Heap after GC invocations=1338 (full 3):
 PSYoungGen      total 2560K, used 510K [0x00000000d5580000, 0x00000000d5b80000, 0x0000000100000000)
  eden space 2048K, 0% used [0x00000000d5580000,0x00000000d5580000,0x00000000d5780000)
  from space 512K, 99% used [0x00000000d5a80000,0x00000000d5affb80,0x00000000d5b00000)
  to   space 512K, 0% used [0x00000000d5b00000,0x00000000d5b00000,0x00000000d5b80000)
 ParOldGen       total 913408K, used 913236K [0x0000000080000000, 0x00000000b7c00000, 0x00000000d5580000)
  object space 913408K, 99% used [0x0000000080000000,0x00000000b7bd51d8,0x00000000b7c00000)
 Metaspace       used 78656K, committed 80320K, reserved 1179648K
  class space    used 8371K, committed 9152K, reserved 1048576K
}
Event: 3317.265 GC heap before
{Heap before GC invocations=1339 (full 3):
 PSYoungGen      total 2560K, used 2558K [0x00000000d5580000, 0x00000000d5b80000, 0x0000000100000000)
  eden space 2048K, 99% used [0x00000000d5580000,0x00000000d577fdd0,0x00000000d5780000)
  from space 512K, 99% used [0x00000000d5a80000,0x00000000d5affb80,0x00000000d5b00000)
  to   space 512K, 0% used [0x00000000d5b00000,0x00000000d5b00000,0x00000000d5b80000)
 ParOldGen       total 913408K, used 913236K [0x0000000080000000, 0x00000000b7c00000, 0x00000000d5580000)
  object space 913408K, 99% used [0x0000000080000000,0x00000000b7bd51d8,0x00000000b7c00000)
 Metaspace       used 78656K, committed 80320K, reserved 1179648K
  class space    used 8371K, committed 9152K, reserved 1048576K
}
Event: 3317.266 GC heap after
{Heap after GC invocations=1339 (full 3):
 PSYoungGen      total 2560K, used 501K [0x00000000d5580000, 0x00000000d5d80000, 0x0000000100000000)
  eden space 2048K, 0% used [0x00000000d5580000,0x00000000d5580000,0x00000000d5780000)
  from space 512K, 98% used [0x00000000d5b00000,0x00000000d5b7d7c0,0x00000000d5b80000)
  to   space 3072K, 0% used [0x00000000d5780000,0x00000000d5780000,0x00000000d5a80000)
 ParOldGen       total 915456K, used 915203K [0x0000000080000000, 0x00000000b7e00000, 0x00000000d5580000)
  object space 915456K, 99% used [0x0000000080000000,0x00000000b7dc0d68,0x00000000b7e00000)
 Metaspace       used 78656K, committed 80320K, reserved 1179648K
  class space    used 8371K, committed 9152K, reserved 1048576K
}
Event: 3317.270 GC heap before
{Heap before GC invocations=1340 (full 3):
 PSYoungGen      total 2560K, used 2488K [0x00000000d5580000, 0x00000000d5d80000, 0x0000000100000000)
  eden space 2048K, 97% used [0x00000000d5580000,0x00000000d5770bb0,0x00000000d5780000)
  from space 512K, 98% used [0x00000000d5b00000,0x00000000d5b7d7c0,0x00000000d5b80000)
  to   space 3072K, 0% used [0x00000000d5780000,0x00000000d5780000,0x00000000d5a80000)
 ParOldGen       total 915456K, used 915203K [0x0000000080000000, 0x00000000b7e00000, 0x00000000d5580000)
  object space 915456K, 99% used [0x0000000080000000,0x00000000b7dc0d68,0x00000000b7e00000)
 Metaspace       used 78656K, committed 80320K, reserved 1179648K
  class space    used 8371K, committed 9152K, reserved 1048576K
}
Event: 3317.271 GC heap after
{Heap after GC invocations=1340 (full 3):
 PSYoungGen      total 4096K, used 2002K [0x00000000d5580000, 0x00000000d5c80000, 0x0000000100000000)
  eden space 2048K, 0% used [0x00000000d5580000,0x00000000d5580000,0x00000000d5780000)
  from space 2048K, 97% used [0x00000000d5780000,0x00000000d5974a40,0x00000000d5980000)
  to   space 2560K, 0% used [0x00000000d5a00000,0x00000000d5a00000,0x00000000d5c80000)
 ParOldGen       total 915968K, used 915648K [0x0000000080000000, 0x00000000b7e80000, 0x00000000d5580000)
  object space 915968K, 99% used [0x0000000080000000,0x00000000b7e30220,0x00000000b7e80000)
 Metaspace       used 78656K, committed 80320K, reserved 1179648K
  class space    used 8371K, committed 9152K, reserved 1048576K
}
Event: 3317.274 GC heap before
{Heap before GC invocations=1341 (full 3):
 PSYoungGen      total 4096K, used 4050K [0x00000000d5580000, 0x00000000d5c80000, 0x0000000100000000)
  eden space 2048K, 100% used [0x00000000d5580000,0x00000000d5780000,0x00000000d5780000)
  from space 2048K, 97% used [0x00000000d5780000,0x00000000d5974a40,0x00000000d5980000)
  to   space 2560K, 0% used [0x00000000d5a00000,0x00000000d5a00000,0x00000000d5c80000)
 ParOldGen       total 915968K, used 915648K [0x0000000080000000, 0x00000000b7e80000, 0x00000000d5580000)
  object space 915968K, 99% used [0x0000000080000000,0x00000000b7e30220,0x00000000b7e80000)
 Metaspace       used 78656K, committed 80320K, reserved 1179648K
  class space    used 8371K, committed 9152K, reserved 1048576K
}
Event: 3317.275 GC heap after
{Heap after GC invocations=1341 (full 3):
 PSYoungGen      total 4608K, used 2073K [0x00000000d5580000, 0x00000000d5c80000, 0x0000000100000000)
  eden space 2048K, 0% used [0x00000000d5580000,0x00000000d5580000,0x00000000d5780000)
  from space 2560K, 81% used [0x00000000d5a00000,0x00000000d5c06680,0x00000000d5c80000)
  to   space 2560K, 0% used [0x00000000d5780000,0x00000000d5780000,0x00000000d5a00000)
 ParOldGen       total 918016K, used 917556K [0x0000000080000000, 0x00000000b8080000, 0x00000000d5580000)
  object space 918016K, 99% used [0x0000000080000000,0x00000000b800d018,0x00000000b8080000)
 Metaspace       used 78656K, committed 80320K, reserved 1179648K
  class space    used 8371K, committed 9152K, reserved 1048576K
}
Event: 3317.286 GC heap before
{Heap before GC invocations=1342 (full 3):
 PSYoungGen      total 4608K, used 4121K [0x00000000d5580000, 0x00000000d5c80000, 0x0000000100000000)
  eden space 2048K, 100% used [0x00000000d5580000,0x00000000d5780000,0x00000000d5780000)
  from space 2560K, 81% used [0x00000000d5a00000,0x00000000d5c06680,0x00000000d5c80000)
  to   space 2560K, 0% used [0x00000000d5780000,0x00000000d5780000,0x00000000d5a00000)
 ParOldGen       total 918016K, used 917556K [0x0000000080000000, 0x00000000b8080000, 0x00000000d5580000)
  object space 918016K, 99% used [0x0000000080000000,0x00000000b800d018,0x00000000b8080000)
 Metaspace       used 78666K, committed 80384K, reserved 1179648K
  class space    used 8372K, committed 9152K, reserved 1048576K
}
Event: 3317.287 GC heap after
{Heap after GC invocations=1342 (full 3):
 PSYoungGen      total 2560K, used 416K [0x00000000d5580000, 0x00000000d5a80000, 0x0000000100000000)
  eden space 2048K, 0% used [0x00000000d5580000,0x00000000d5580000,0x00000000d5780000)
  from space 512K, 81% used [0x00000000d5780000,0x00000000d57e8000,0x00000000d5800000)
  to   space 1536K, 0% used [0x00000000d5900000,0x00000000d5900000,0x00000000d5a80000)
 ParOldGen       total 918016K, used 917852K [0x0000000080000000, 0x00000000b8080000, 0x00000000d5580000)
  object space 918016K, 99% used [0x0000000080000000,0x00000000b8057018,0x00000000b8080000)
 Metaspace       used 78666K, committed 80384K, reserved 1179648K
  class space    used 8372K, committed 9152K, reserved 1048576K
}
Event: 3317.301 GC heap before
{Heap before GC invocations=1343 (full 3):
 PSYoungGen      total 2560K, used 2464K [0x00000000d5580000, 0x00000000d5a80000, 0x0000000100000000)
  eden space 2048K, 100% used [0x00000000d5580000,0x00000000d5780000,0x00000000d5780000)
  from space 512K, 81% used [0x00000000d5780000,0x00000000d57e8000,0x00000000d5800000)
  to   space 1536K, 0% used [0x00000000d5900000,0x00000000d5900000,0x00000000d5a80000)
 ParOldGen       total 918016K, used 917852K [0x0000000080000000, 0x00000000b8080000, 0x00000000d5580000)
  object space 918016K, 99% used [0x0000000080000000,0x00000000b8057018,0x00000000b8080000)
 Metaspace       used 78849K, committed 80576K, reserved 1179648K
  class space    used 8390K, committed 9216K, reserved 1048576K
}
Event: 3317.303 GC heap after
{Heap after GC invocations=1343 (full 3):
 PSYoungGen      total 2560K, used 320K [0x00000000d5580000, 0x00000000d5980000, 0x0000000100000000)
  eden space 2048K, 0% used [0x00000000d5580000,0x00000000d5580000,0x00000000d5780000)
  from space 512K, 62% used [0x00000000d5900000,0x00000000d5950000,0x00000000d5980000)
  to   space 512K, 0% used [0x00000000d5780000,0x00000000d5780000,0x00000000d5800000)
 ParOldGen       total 918528K, used 918108K [0x0000000080000000, 0x00000000b8100000, 0x00000000d5580000)
  object space 918528K, 99% used [0x0000000080000000,0x00000000b8097018,0x00000000b8100000)
 Metaspace       used 78849K, committed 80576K, reserved 1179648K
  class space    used 8390K, committed 9216K, reserved 1048576K
}
Event: 3317.321 GC heap before
{Heap before GC invocations=1344 (full 3):
 PSYoungGen      total 2560K, used 2368K [0x00000000d5580000, 0x00000000d5980000, 0x0000000100000000)
  eden space 2048K, 100% used [0x00000000d5580000,0x00000000d5780000,0x00000000d5780000)
  from space 512K, 62% used [0x00000000d5900000,0x00000000d5950000,0x00000000d5980000)
  to   space 512K, 0% used [0x00000000d5780000,0x00000000d5780000,0x00000000d5800000)
 ParOldGen       total 918528K, used 918108K [0x0000000080000000, 0x00000000b8100000, 0x00000000d5580000)
  object space 918528K, 99% used [0x0000000080000000,0x00000000b8097018,0x00000000b8100000)
 Metaspace       used 78866K, committed 80640K, reserved 1179648K
  class space    used 8390K, committed 9216K, reserved 1048576K
}
Event: 3317.322 GC heap after
{Heap after GC invocations=1344 (full 3):
 PSYoungGen      total 2560K, used 288K [0x00000000d5580000, 0x00000000d5980000, 0x0000000100000000)
  eden space 2048K, 0% used [0x00000000d5580000,0x00000000d5580000,0x00000000d5780000)
  from space 512K, 56% used [0x00000000d5780000,0x00000000d57c8000,0x00000000d5800000)
  to   space 512K, 0% used [0x00000000d5900000,0x00000000d5900000,0x00000000d5980000)
 ParOldGen       total 918528K, used 918188K [0x0000000080000000, 0x00000000b8100000, 0x00000000d5580000)
  object space 918528K, 99% used [0x0000000080000000,0x00000000b80ab028,0x00000000b8100000)
 Metaspace       used 78866K, committed 80640K, reserved 1179648K
  class space    used 8390K, committed 9216K, reserved 1048576K
}
Event: 3520.643 GC heap before
{Heap before GC invocations=1345 (full 3):
 PSYoungGen      total 2560K, used 2336K [0x00000000d5580000, 0x00000000d5980000, 0x0000000100000000)
  eden space 2048K, 100% used [0x00000000d5580000,0x00000000d5780000,0x00000000d5780000)
  from space 512K, 56% used [0x00000000d5780000,0x00000000d57c8000,0x00000000d5800000)
  to   space 512K, 0% used [0x00000000d5900000,0x00000000d5900000,0x00000000d5980000)
 ParOldGen       total 918528K, used 918188K [0x0000000080000000, 0x00000000b8100000, 0x00000000d5580000)
  object space 918528K, 99% used [0x0000000080000000,0x00000000b80ab028,0x00000000b8100000)
 Metaspace       used 78912K, committed 80704K, reserved 1179648K
  class space    used 8390K, committed 9216K, reserved 1048576K
}
Event: 3520.644 GC heap after
{Heap after GC invocations=1345 (full 3):
 PSYoungGen      total 2560K, used 288K [0x00000000d5580000, 0x00000000d5980000, 0x0000000100000000)
  eden space 2048K, 0% used [0x00000000d5580000,0x00000000d5580000,0x00000000d5780000)
  from space 512K, 56% used [0x00000000d5900000,0x00000000d5948000,0x00000000d5980000)
  to   space 512K, 0% used [0x00000000d5780000,0x00000000d5780000,0x00000000d5800000)
 ParOldGen       total 918528K, used 918276K [0x0000000080000000, 0x00000000b8100000, 0x00000000d5580000)
  object space 918528K, 99% used [0x0000000080000000,0x00000000b80c1028,0x00000000b8100000)
 Metaspace       used 78912K, committed 80704K, reserved 1179648K
  class space    used 8390K, committed 9216K, reserved 1048576K
}

