<?xml version="1.0" encoding="UTF-8"?>
<testsuite xmlns:xsi="http://www.w3.org/2001/XMLSchema-instance" xsi:noNamespaceSchemaLocation="https://maven.apache.org/surefire/maven-surefire-plugin/xsd/surefire-test-report.xsd" version="3.0.2" name="com.zarcommerce.service_payment.service.PaymentServiceTest" time="0.327" tests="10" errors="0" skipped="0" failures="0" flakes="0">
  <properties>
[...]
</properties>
  <testcase name="handleCallbackUpdatesPaymentToSuccessAndReturnsRedirect" classname="com.zarcommerce.service_payment.service.PaymentServiceTest" time="0.245"/>
  <testcase name="getPaymentsByEmailReturnsMappedList" classname="com.zarcommerce.service_payment.service.PaymentServiceTest" time="0.017"/>
  <testcase name="getPaymentStatusThrowsWhenMissing" classname="com.zarcommerce.service_payment.service.PaymentServiceTest" time="0.006"/>
  <testcase name="getAllPaymentsReturnsMappedList" classname="com.zarcommerce.service_payment.service.PaymentServiceTest" time="0.003"/>
  <testcase name="getPaymentStatusByTokenReturnsMappedResponse" classname="com.zarcommerce.service_payment.service.PaymentServiceTest" time="0.002"/>
  <testcase name="handleCallbackThrowsWhenPaymentNotFound" classname="com.zarcommerce.service_payment.service.PaymentServiceTest" time="0.004"/>
  <testcase name="handleCallbackUpdatesPaymentToFailureAndReturnsFailureRedirect" classname="com.zarcommerce.service_payment.service.PaymentServiceTest" time="0.003">
    <system-out><![CDATA[01:20:44.419 [main] WARN com.zarcommerce.service_payment.service.PaymentService -- Iyzico callback unsuccessful paymentId=8 token=tk status=failure paymentStatus=null error=declined
]]></system-out>
  </testcase>
  <testcase name="getPaymentStatusReturnsMappedResponse" classname="com.zarcommerce.service_payment.service.PaymentServiceTest" time="0.002"/>
  <testcase name="initializeCheckoutFormPersistsInitializedPaymentOnSuccess" classname="com.zarcommerce.service_payment.service.PaymentServiceTest" time="0.033"/>
  <testcase name="initializeCheckoutFormPersistsFailureOnIyzicoError" classname="com.zarcommerce.service_payment.service.PaymentServiceTest" time="0.003">
    <system-out><![CDATA[01:20:44.461 [main] WARN com.zarcommerce.service_payment.service.PaymentService -- Iyzico checkout init failed conversationId=f5ef19b1b95941329983 status=failure error=invalid
]]></system-out>
  </testcase>
</testsuite>